<?xml version="1.0" encoding="UTF-8"?>
<testsuite name="Test" tests="1" skipped="0" failures="0" errors="0" timestamp="2020-06-10T06:53:02" hostname="yeguozhongdeMacBook-Pro.local" time="1.989">
  <properties/>
  <testcase name="test_gDocs" classname="Test" time="1.989"/>
  <system-out><![CDATA[14:53:04.376 [Test worker] DEBUG freemarker.cache - Couldn't find template in cache for "api-controller.html.ftl"("zh_CN", UTF-8, parsed); will try to load it.
14:53:04.381 [Test worker] DEBUG freemarker.cache - TemplateLoader.findTemplateSource("api-controller.html_zh_CN.ftl"): Not found
14:53:04.383 [Test worker] DEBUG freemarker.cache - TemplateLoader.findTemplateSource("api-controller.html_zh.ftl"): Not found
14:53:04.385 [Test worker] DEBUG freemarker.cache - TemplateLoader.findTemplateSource("api-controller.html.ftl"): Found
14:53:04.389 [Test worker] DEBUG freemarker.cache - Loading template for "api-controller.html.ftl"("zh_CN", UTF-8, parsed) from "jar:file:/Users/yeguozhong/Desktop/gitLibrary/JApiDocs/library/build/libs/io.github.yedaxia.apidocs-1.3-min.jar!/api-controller.html.ftl"
14:53:04.743 [Test worker] DEBUG freemarker.cache - Couldn't find template in cache for "api-controller.html.ftl"("zh_CN", UTF-8, parsed); will try to load it.
14:53:04.743 [Test worker] DEBUG freemarker.cache - TemplateLoader.findTemplateSource("api-controller.html_zh_CN.ftl"): Not found
14:53:04.744 [Test worker] DEBUG freemarker.cache - TemplateLoader.findTemplateSource("api-controller.html_zh.ftl"): Not found
14:53:04.744 [Test worker] DEBUG freemarker.cache - TemplateLoader.findTemplateSource("api-controller.html.ftl"): Found
14:53:04.745 [Test worker] DEBUG freemarker.cache - Loading template for "api-controller.html.ftl"("zh_CN", UTF-8, parsed) from "jar:file:/Users/yeguozhong/Desktop/gitLibrary/JApiDocs/library/build/libs/io.github.yedaxia.apidocs-1.3-min.jar!/api-controller.html.ftl"
14:53:04.785 [Test worker] DEBUG freemarker.cache - Couldn't find template in cache for "api-controller.html.ftl"("zh_CN", UTF-8, parsed); will try to load it.
14:53:04.785 [Test worker] DEBUG freemarker.cache - TemplateLoader.findTemplateSource("api-controller.html_zh_CN.ftl"): Not found
14:53:04.785 [Test worker] DEBUG freemarker.cache - TemplateLoader.findTemplateSource("api-controller.html_zh.ftl"): Not found
14:53:04.786 [Test worker] DEBUG freemarker.cache - TemplateLoader.findTemplateSource("api-controller.html.ftl"): Found
14:53:04.788 [Test worker] DEBUG freemarker.cache - Loading template for "api-controller.html.ftl"("zh_CN", UTF-8, parsed) from "jar:file:/Users/yeguozhong/Desktop/gitLibrary/JApiDocs/library/build/libs/io.github.yedaxia.apidocs-1.3-min.jar!/api-controller.html.ftl"
14:53:04.807 [Test worker] DEBUG freemarker.cache - Couldn't find template in cache for "api-index.html.ftl"("zh_CN", UTF-8, parsed); will try to load it.
14:53:04.810 [Test worker] DEBUG freemarker.cache - TemplateLoader.findTemplateSource("api-index.html_zh_CN.ftl"): Not found
14:53:04.812 [Test worker] DEBUG freemarker.cache - TemplateLoader.findTemplateSource("api-index.html_zh.ftl"): Not found
14:53:04.812 [Test worker] DEBUG freemarker.cache - TemplateLoader.findTemplateSource("api-index.html.ftl"): Found
14:53:04.815 [Test worker] DEBUG freemarker.cache - Loading template for "api-index.html.ftl"("zh_CN", UTF-8, parsed) from "jar:file:/Users/yeguozhong/Desktop/gitLibrary/JApiDocs/library/build/libs/io.github.yedaxia.apidocs-1.3-min.jar!/api-index.html.ftl"
]]></system-out>
  <system-err><![CDATA[六月 10, 2020 2:53:03 下午 io.github.yedaxia.apidocs.LogUtils info
信息: info: find java src paths:  [/Users/yeguozhong/Desktop/gitLibrary/JApiDocs/springDemo/src/main/java/]
六月 10, 2020 2:53:03 下午 io.github.yedaxia.apidocs.LogUtils info
信息: info: project type not set, try to figure out...
六月 10, 2020 2:53:03 下午 io.github.yedaxia.apidocs.LogUtils info
信息: info: start find controllers in path : /Users/yeguozhong/Desktop/gitLibrary/JApiDocs/springDemo/src/main/java/
六月 10, 2020 2:53:03 下午 io.github.yedaxia.apidocs.LogUtils info
信息: info: find controller file : BookController.java
六月 10, 2020 2:53:03 下午 io.github.yedaxia.apidocs.LogUtils info
信息: info: find controller file : UserController.java
六月 10, 2020 2:53:03 下午 io.github.yedaxia.apidocs.LogUtils info
信息: info: find controller file : AdminController.java
六月 10, 2020 2:53:03 下午 io.github.yedaxia.apidocs.LogUtils info
信息: info: generate api docs start...
六月 10, 2020 2:53:03 下午 io.github.yedaxia.apidocs.LogUtils info
信息: info: start to parse controller file : BookController.java
六月 10, 2020 2:53:03 下午 io.github.yedaxia.apidocs.LogUtils info
信息: info: success to parse controller file : BookController.java
六月 10, 2020 2:53:03 下午 io.github.yedaxia.apidocs.LogUtils info
信息: info: start to parse controller file : UserController.java
六月 10, 2020 2:53:04 下午 io.github.yedaxia.apidocs.LogUtils info
信息: info: we think T should not be an enum type
六月 10, 2020 2:53:04 下午 io.github.yedaxia.apidocs.LogUtils warn
警告: warning!! Cannot find java file , in java file : /Users/yeguozhong/Desktop/gitLibrary/JApiDocs/springDemo/src/main/java/result/ApiResult.java, className : T, we cannot found more information of it, you've better to make it a JavaBean
六月 10, 2020 2:53:04 下午 io.github.yedaxia.apidocs.LogUtils info
信息: info: success to parse controller file : UserController.java
六月 10, 2020 2:53:04 下午 io.github.yedaxia.apidocs.LogUtils info
信息: info: start to parse controller file : AdminController.java
六月 10, 2020 2:53:04 下午 io.github.yedaxia.apidocs.LogUtils info
信息: info: success to parse controller file : AdminController.java
六月 10, 2020 2:53:04 下午 io.github.yedaxia.apidocs.LogUtils info
信息: info: start to generate docs for controller file : /Users/yeguozhong/Desktop/gitLibrary/JApiDocs/springDemo/src/main/java/controller/BookController.java
六月 10, 2020 2:53:04 下午 io.github.yedaxia.apidocs.LogUtils info
信息: info: success to generate docs for controller file : /Users/yeguozhong/Desktop/gitLibrary/JApiDocs/springDemo/src/main/java/controller/BookController.java
六月 10, 2020 2:53:04 下午 io.github.yedaxia.apidocs.LogUtils info
信息: info: start to generate docs for controller file : /Users/yeguozhong/Desktop/gitLibrary/JApiDocs/springDemo/src/main/java/controller/UserController.java
六月 10, 2020 2:53:04 下午 io.github.yedaxia.apidocs.LogUtils info
信息: info: success to generate docs for controller file : /Users/yeguozhong/Desktop/gitLibrary/JApiDocs/springDemo/src/main/java/controller/UserController.java
六月 10, 2020 2:53:04 下午 io.github.yedaxia.apidocs.LogUtils info
信息: info: start to generate docs for controller file : /Users/yeguozhong/Desktop/gitLibrary/JApiDocs/springDemo/src/main/java/controller/admin/AdminController.java
六月 10, 2020 2:53:04 下午 io.github.yedaxia.apidocs.LogUtils info
信息: info: success to generate docs for controller file : /Users/yeguozhong/Desktop/gitLibrary/JApiDocs/springDemo/src/main/java/controller/admin/AdminController.java
六月 10, 2020 2:53:04 下午 io.github.yedaxia.apidocs.LogUtils info
信息: info: generate api docs done !!!
]]></system-err>
</testsuite>
